2024-11-23 18:13:51,784 - src.data.database - INFO - Successfully connected to database
2024-11-23 18:13:51,795 - src.data.database - INFO - Database initialized successfully
2024-11-23 18:13:52,012 - __main__ - INFO - Starting the application...
2024-11-23 18:13:55,493 - src.data.database - INFO - Successfully connected to database
2024-11-23 18:14:01,029 - src.data.database - INFO - Successfully connected to database
2024-11-23 18:14:17,102 - src.data.database - INFO - Successfully connected to database
2024-11-23 18:14:20,840 - src.data.database - INFO - Successfully connected to database
2024-11-23 18:14:52,388 - src.data.database - INFO - Successfully connected to database
2024-11-23 18:14:52,389 - src.data.database - INFO - Database initialized successfully
2024-11-23 18:14:52,609 - __main__ - INFO - Starting the application...
2024-11-23 18:15:01,001 - src.data.database - INFO - Successfully connected to database
2024-11-23 18:15:04,547 - src.data.database - INFO - Successfully connected to database
2024-11-23 18:19:53,012 - src.data.database - INFO - Successfully connected to database
2024-11-23 18:19:53,012 - src.data.database - INFO - Database initialized successfully
2024-11-23 18:19:53,230 - __main__ - INFO - Starting the application...
2024-11-23 18:19:54,853 - src.data.database - INFO - Successfully connected to database
2024-11-23 18:19:56,538 - src.services.sparql_service - ERROR - Error fetching city info: 'NoneType' object has no attribute 'value'
2024-11-23 18:19:59,315 - src.gui.main_window - WARNING - No information found for city: Київ
2024-11-23 18:20:00,481 - src.data.database - INFO - Successfully connected to database
2024-11-23 18:20:01,364 - src.services.sparql_service - ERROR - Error fetching city info: 'NoneType' object has no attribute 'value'
2024-11-23 18:20:06,365 - src.gui.main_window - WARNING - No information found for city: Львів
2024-11-23 18:30:08,093 - src.data.database - INFO - Successfully connected to database
2024-11-23 18:30:08,094 - src.data.database - INFO - Database initialized successfully
2024-11-23 18:30:08,306 - __main__ - INFO - Starting the application...
2024-11-23 18:30:09,867 - src.data.database - INFO - Successfully connected to database
2024-11-23 18:30:10,638 - src.services.sparql_service - ERROR - Error fetching city info: float() argument must be a string or a real number, not 'NoneType'
2024-11-23 18:30:11,715 - src.gui.main_window - WARNING - No information found for city: Київ
2024-11-23 18:30:14,595 - src.data.database - INFO - Successfully connected to database
2024-11-23 18:30:15,517 - src.services.sparql_service - ERROR - Error fetching city info: float() argument must be a string or a real number, not 'NoneType'
2024-11-23 18:30:18,422 - src.gui.main_window - WARNING - No information found for city: Львів
2024-11-23 18:41:07,965 - src.data.database - INFO - Successfully connected to database
2024-11-23 18:41:07,966 - src.data.database - INFO - Database initialized successfully
2024-11-23 18:41:08,205 - __main__ - INFO - Starting the application...
2024-11-23 18:41:09,417 - src.data.database - INFO - Successfully connected to database
2024-11-23 18:41:09,939 - src.data.database - INFO - Successfully connected to database
2024-11-23 18:41:12,208 - src.data.database - INFO - Successfully connected to database
2024-11-23 18:41:12,564 - src.data.database - INFO - Successfully connected to database
2024-11-23 18:41:13,246 - src.data.database - INFO - Successfully connected to database
2024-11-23 18:41:15,106 - src.gui.main_window - WARNING - No information found for city: Харків
2024-11-23 18:41:17,510 - src.data.database - INFO - Successfully connected to database
2024-11-23 18:41:17,993 - src.data.database - INFO - Successfully connected to database
2024-11-23 18:41:18,909 - src.data.database - INFO - Successfully connected to database
2024-11-23 18:41:20,576 - src.gui.main_window - WARNING - No information found for city: Дніпро
2024-11-23 18:41:26,553 - src.data.database - INFO - Successfully connected to database
2024-11-23 18:41:26,967 - src.data.database - INFO - Successfully connected to database
2024-11-23 18:41:31,532 - src.data.database - INFO - Successfully connected to database
2024-11-23 18:41:31,986 - src.data.database - INFO - Successfully connected to database
2024-11-23 18:47:00,300 - src.data.database - INFO - Successfully connected to database
2024-11-23 18:47:00,301 - src.data.database - INFO - Database initialized successfully
2024-11-23 18:47:00,524 - __main__ - INFO - Starting the application...
2024-11-23 18:47:04,045 - src.data.database - INFO - Successfully connected to database
2024-11-23 18:49:27,928 - src.data.database - INFO - Successfully connected to database
2024-11-23 18:49:27,929 - src.data.database - INFO - Database initialized successfully
2024-11-23 18:49:28,164 - __main__ - INFO - Starting the application...
2024-11-23 18:49:30,298 - src.data.database - INFO - Successfully connected to database
2024-11-23 18:49:33,026 - src.data.database - INFO - Successfully connected to database
2024-11-23 18:49:35,792 - src.data.database - INFO - Successfully connected to database
2024-11-23 18:49:36,344 - src.data.database - INFO - Successfully connected to database
2024-11-23 18:51:54,509 - src.data.database - INFO - Successfully connected to database
2024-11-23 18:51:54,510 - src.data.database - INFO - Database initialized successfully
2024-11-23 18:51:54,736 - __main__ - INFO - Starting the application...
2024-11-23 18:51:57,814 - src.data.database - INFO - Successfully connected to database
2024-11-23 18:51:59,115 - src.data.database - INFO - Successfully connected to database
2024-11-23 18:51:59,931 - src.data.database - INFO - Successfully connected to database
2024-11-23 18:52:00,520 - src.services.sparql_service - WARNING - No data found for city: Харків
2024-11-23 18:52:01,688 - src.gui.main_window - WARNING - No information found for city: Харків
2024-11-23 18:52:02,360 - src.data.database - INFO - Successfully connected to database
2024-11-23 18:52:02,817 - src.services.sparql_service - WARNING - No data found for city: Дніпро
2024-11-23 18:52:03,986 - src.gui.main_window - WARNING - No information found for city: Дніпро
2024-11-23 18:52:04,646 - src.data.database - INFO - Successfully connected to database
2024-11-23 18:52:05,071 - src.data.database - INFO - Successfully connected to database
2024-11-23 18:52:05,925 - src.data.database - INFO - Successfully connected to database
2024-11-23 18:52:06,384 - src.services.sparql_service - WARNING - No data found for city: Черкаси
2024-11-23 18:52:07,676 - src.gui.main_window - WARNING - No information found for city: Черкаси
2024-11-23 18:52:08,354 - src.data.database - INFO - Successfully connected to database
2024-11-23 18:52:09,284 - src.data.database - INFO - Successfully connected to database
2024-11-23 18:52:09,598 - src.services.sparql_service - WARNING - No data found for city: Черкаси
2024-11-23 18:52:10,526 - src.gui.main_window - WARNING - No information found for city: Черкаси
2024-11-23 18:52:11,066 - src.data.database - INFO - Successfully connected to database
2024-11-23 18:52:35,844 - src.data.database - INFO - Successfully connected to database
2024-11-23 18:52:36,217 - src.data.database - INFO - Successfully connected to database
2024-11-23 18:57:25,582 - src.data.database - INFO - Successfully connected to database
2024-11-23 18:57:25,582 - src.data.database - INFO - Database initialized successfully
2024-11-23 18:57:25,793 - src.gui.main_window - ERROR - Error setting up UI: name 'HtmlFrame' is not defined
2024-11-23 18:57:28,249 - __main__ - INFO - Starting the application...
2024-11-23 18:57:30,836 - src.data.database - INFO - Successfully connected to database
2024-11-23 18:57:34,148 - src.data.database - INFO - Successfully connected to database
2024-11-23 18:59:35,596 - src.data.database - INFO - Successfully connected to database
2024-11-23 18:59:35,597 - src.data.database - INFO - Database initialized successfully
2024-11-23 18:59:35,895 - __main__ - INFO - Starting the application...
2024-11-23 18:59:37,714 - src.data.database - INFO - Successfully connected to database
2024-11-23 19:05:04,434 - src.data.database - INFO - Successfully connected to database
2024-11-23 19:05:04,435 - src.data.database - INFO - Database initialized successfully
2024-11-23 19:05:04,662 - __main__ - INFO - Starting the application...
2024-11-23 19:05:07,481 - src.data.database - INFO - Successfully connected to database
2024-11-23 19:07:37,819 - src.data.database - INFO - Successfully connected to database
2024-11-23 19:07:37,820 - src.data.database - INFO - Database initialized successfully
2024-11-23 19:07:38,116 - __main__ - INFO - Starting the application...
2024-11-23 19:07:40,908 - src.data.database - INFO - Successfully connected to database
2024-11-23 19:16:16,125 - src.data.database - INFO - Successfully connected to database
2024-11-23 19:16:16,125 - src.data.database - INFO - Database initialized successfully
2024-11-23 19:16:16,334 - __main__ - INFO - Starting the application...
2024-11-23 19:16:18,089 - src.data.database - INFO - Successfully connected to database
2024-11-23 19:17:21,228 - src.data.database - INFO - Successfully connected to database
2024-11-23 19:17:21,228 - src.data.database - INFO - Database initialized successfully
2024-11-23 19:17:21,473 - __main__ - INFO - Starting the application...
2024-11-23 19:17:22,728 - src.data.database - INFO - Successfully connected to database
2024-11-23 20:02:37,025 - src.data.database - INFO - Successfully connected to database
2024-11-23 20:02:37,026 - src.data.database - INFO - Database initialized successfully
2024-11-23 20:02:37,277 - __main__ - INFO - Starting the application...
2024-11-23 20:02:51,264 - src.data.database - INFO - Successfully connected to database
2024-11-23 20:03:52,069 - src.data.database - INFO - Successfully connected to database
2024-11-23 20:03:52,069 - src.data.database - INFO - Database initialized successfully
2024-11-23 20:03:52,290 - __main__ - INFO - Starting the application...
2024-11-23 20:03:56,047 - src.data.database - INFO - Successfully connected to database
2024-11-23 20:04:21,557 - src.data.database - INFO - Successfully connected to database
2024-11-23 20:04:24,767 - src.data.database - INFO - Successfully connected to database
2024-11-23 20:05:41,038 - src.data.database - INFO - Successfully connected to database
2024-11-23 20:05:41,039 - src.data.database - INFO - Database initialized successfully
2024-11-23 20:05:42,624 - __main__ - INFO - Starting the application...
2024-11-23 20:05:49,861 - src.data.database - INFO - Successfully connected to database
2024-11-23 20:05:55,647 - src.data.database - INFO - Successfully connected to database
2024-11-23 20:05:56,655 - src.data.database - INFO - Successfully connected to database
2024-11-23 20:05:57,200 - src.services.sparql_service - WARNING - No data found for city: Харків
2024-11-23 20:05:58,438 - src.gui.main_window - WARNING - No information found for city: Харків
2024-11-23 20:05:59,025 - src.data.database - INFO - Successfully connected to database
2024-11-23 20:06:06,867 - src.data.database - INFO - Successfully connected to database
2024-11-23 20:06:19,124 - src.data.database - INFO - Successfully connected to database
2024-11-23 20:06:23,552 - src.data.database - INFO - Successfully connected to database
2024-11-23 20:06:24,171 - src.services.sparql_service - WARNING - No data found for city: Черкаси
2024-11-23 20:06:25,406 - src.gui.main_window - WARNING - No information found for city: Черкаси
2024-11-23 20:06:26,066 - src.data.database - INFO - Successfully connected to database
2024-11-23 20:06:26,578 - src.services.sparql_service - WARNING - No data found for city: Дніпро
2024-11-23 20:06:27,416 - src.gui.main_window - WARNING - No information found for city: Дніпро
2024-11-23 20:06:28,045 - src.data.database - INFO - Successfully connected to database
2024-11-23 20:06:45,780 - src.data.database - INFO - Successfully connected to database
2024-11-23 20:08:32,318 - src.data.database - INFO - Successfully connected to database
2024-11-23 20:08:32,319 - src.data.database - INFO - Database initialized successfully
2024-11-23 20:08:33,875 - __main__ - INFO - Starting the application...
2024-11-23 20:08:42,825 - src.data.database - INFO - Successfully connected to database
2024-11-23 20:09:06,703 - src.gui.components.city_frame - INFO - Saving city: Київ
2024-11-23 20:09:12,072 - src.data.database - INFO - Successfully connected to database
2024-11-23 20:13:24,312 - src.data.database - INFO - Successfully connected to database
2024-11-23 20:13:24,312 - src.data.database - INFO - Database initialized successfully
2024-11-23 20:13:24,586 - __main__ - INFO - Starting the application...
2024-11-23 20:13:26,581 - src.data.database - INFO - Successfully connected to database
2024-11-23 20:13:42,118 - src.data.database - INFO - Successfully connected to database
2024-11-23 20:13:45,899 - src.data.database - INFO - Successfully connected to database
2024-11-23 20:14:05,109 - src.data.database - INFO - Successfully connected to database
2024-11-23 20:14:24,025 - src.data.database - INFO - Successfully connected to database
2024-11-23 20:14:27,445 - src.gui.components.city_frame - INFO - Saving city: Ірміно
2024-11-23 20:15:07,793 - src.data.database - INFO - Successfully connected to database
2024-11-23 20:15:08,226 - src.data.database - INFO - Successfully connected to database
2024-11-23 20:18:36,579 - src.data.database - INFO - Successfully connected to database
2024-11-23 20:18:36,580 - src.data.database - INFO - Database initialized successfully
2024-11-23 20:18:36,812 - __main__ - INFO - Starting the application...
2024-11-23 20:18:38,424 - src.data.database - INFO - Successfully connected to database
2024-11-23 20:18:42,732 - src.data.database - INFO - Successfully connected to database
2024-11-23 20:18:44,676 - src.data.database - INFO - Successfully connected to database
2024-11-23 20:18:46,897 - src.data.database - INFO - Successfully connected to database
2024-11-23 20:18:54,263 - src.data.database - INFO - Successfully connected to database
2024-11-23 20:18:54,664 - src.data.database - INFO - Successfully connected to database
2024-11-23 20:26:51,467 - src.data.database - INFO - Successfully connected to database
2024-11-23 20:26:51,468 - src.data.database - INFO - Database initialized successfully
2024-11-23 20:26:51,730 - __main__ - INFO - Starting the application...
2024-11-23 20:27:26,283 - src.data.database - INFO - Successfully connected to database
2024-11-23 20:27:33,231 - src.data.database - INFO - Successfully connected to database
2024-11-23 20:27:36,826 - src.data.database - INFO - Successfully connected to database
2024-11-23 20:27:46,893 - src.data.database - INFO - Successfully connected to database
2024-11-23 20:27:49,759 - src.gui.components.city_frame - INFO - Saving city: Полтава
2024-11-23 20:27:58,622 - src.data.database - INFO - Successfully connected to database
2024-11-23 20:28:02,612 - src.data.database - INFO - Successfully connected to database
2024-11-23 20:28:05,515 - src.data.database - INFO - Successfully connected to database
2024-11-23 20:28:08,011 - src.data.database - INFO - Successfully connected to database
2024-11-23 20:28:16,573 - src.data.database - INFO - Successfully connected to database
2024-11-23 20:28:16,993 - src.data.database - INFO - Successfully connected to database
2024-11-23 20:28:22,085 - src.gui.components.city_frame - INFO - Saving city: Бориспіль
2024-11-23 21:02:28,261 - src.data.database - INFO - Successfully connected to database
2024-11-23 21:02:28,262 - src.data.database - INFO - Database initialized successfully
2024-11-23 21:02:28,262 - src.data.database - INFO - Successfully connected to database
2024-11-23 21:02:28,263 - src.data.database - INFO - Database initialized successfully
2024-11-23 21:02:28,350 - src.data.database - INFO - Successfully connected to database
2024-11-23 21:02:28,350 - src.data.database - INFO - Database initialized successfully
2024-11-23 21:02:28,422 - src.data.database - INFO - Successfully connected to database
2024-11-23 21:02:28,422 - src.data.database - INFO - Database initialized successfully
2024-11-23 21:02:28,499 - __main__ - INFO - Starting the application...
2024-11-23 21:02:41,826 - src.data.database - INFO - Successfully connected to database
2024-11-23 21:02:41,827 - src.data.database - INFO - Database initialized successfully
2024-11-23 21:02:41,827 - src.data.database - INFO - Successfully connected to database
2024-11-23 21:02:41,828 - src.data.database - INFO - Database initialized successfully
2024-11-23 21:02:41,917 - src.data.database - INFO - Successfully connected to database
2024-11-23 21:02:41,917 - src.data.database - INFO - Database initialized successfully
2024-11-23 21:02:41,983 - src.data.database - INFO - Successfully connected to database
2024-11-23 21:02:41,984 - src.data.database - INFO - Database initialized successfully
2024-11-23 21:02:42,060 - __main__ - INFO - Starting the application...
2024-11-23 21:02:46,394 - src.data.database - INFO - Successfully connected to database
2024-11-23 21:02:54,853 - src.data.database - INFO - Successfully connected to database
2024-11-23 21:02:57,907 - src.data.database - INFO - Successfully connected to database
2024-11-23 21:03:01,141 - src.data.database - INFO - Successfully connected to database
2024-11-23 21:03:12,834 - src.data.database - INFO - Successfully connected to database
2024-11-23 21:03:15,558 - src.data.database - INFO - Successfully connected to database
2024-11-23 21:03:36,460 - src.data.database - INFO - Successfully connected to database
2024-11-23 21:03:41,392 - src.data.database - INFO - Successfully connected to database
2024-11-23 21:03:41,980 - src.services.sparql_service - ERROR - Error fetching city info: float() argument must be a string or a real number, not 'NoneType'
2024-11-23 21:03:46,059 - src.data.database - INFO - Successfully connected to database
2024-11-23 21:03:46,829 - src.services.sparql_service - ERROR - Error fetching city info: 'NoneType' object has no attribute 'value'
2024-11-23 21:03:51,369 - src.data.database - INFO - Successfully connected to database
2024-11-23 21:03:52,311 - src.services.sparql_service - ERROR - Error fetching city info: float() argument must be a string or a real number, not 'NoneType'
2024-11-23 21:03:59,546 - src.data.database - INFO - Successfully connected to database
2024-11-23 21:04:00,384 - src.services.sparql_service - ERROR - Error fetching city info: float() argument must be a string or a real number, not 'NoneType'
2024-11-23 21:04:01,988 - src.data.database - INFO - Successfully connected to database
2024-11-23 21:04:02,438 - src.services.sparql_service - ERROR - Error fetching city info: float() argument must be a string or a real number, not 'NoneType'
2024-11-23 21:04:08,264 - src.data.database - INFO - Successfully connected to database
2024-11-23 21:04:08,740 - src.services.sparql_service - ERROR - Error fetching city info: float() argument must be a string or a real number, not 'NoneType'
2024-11-23 21:04:19,015 - src.data.database - INFO - Successfully connected to database
2024-11-23 21:04:19,634 - src.services.sparql_service - ERROR - Error fetching city info: float() argument must be a string or a real number, not 'NoneType'
2024-11-23 21:04:21,157 - src.data.database - INFO - Successfully connected to database
2024-11-23 21:04:23,335 - src.data.database - INFO - Successfully connected to database
2024-11-23 21:04:24,044 - src.services.sparql_service - ERROR - Error fetching city info: float() argument must be a string or a real number, not 'NoneType'
2024-11-23 21:04:25,939 - src.data.database - INFO - Successfully connected to database
2024-11-23 21:04:30,522 - src.data.database - INFO - Successfully connected to database
2024-11-23 21:04:34,283 - src.data.database - INFO - Successfully connected to database
2024-11-23 21:04:34,614 - src.services.sparql_service - ERROR - Error fetching city info: 'NoneType' object has no attribute 'value'
2024-11-23 21:04:36,144 - src.data.database - INFO - Successfully connected to database
2024-11-23 21:04:36,645 - src.services.sparql_service - ERROR - Error fetching city info: float() argument must be a string or a real number, not 'NoneType'
2024-11-23 21:04:38,233 - src.data.database - INFO - Successfully connected to database
2024-11-23 21:04:38,708 - src.services.sparql_service - ERROR - Error fetching city info: float() argument must be a string or a real number, not 'NoneType'
2024-11-23 21:04:40,554 - src.data.database - INFO - Successfully connected to database
2024-11-23 21:04:41,060 - src.services.sparql_service - ERROR - Error fetching city info: float() argument must be a string or a real number, not 'NoneType'
2024-11-23 21:04:45,646 - src.data.database - INFO - Successfully connected to database
2024-11-23 21:04:46,387 - src.services.sparql_service - ERROR - Error fetching city info: float() argument must be a string or a real number, not 'NoneType'
2024-11-23 21:05:14,557 - src.data.database - INFO - Successfully connected to database
2024-11-23 21:05:14,558 - src.data.database - INFO - Database initialized successfully
2024-11-23 21:05:14,558 - src.data.database - INFO - Successfully connected to database
2024-11-23 21:05:14,559 - src.data.database - INFO - Database initialized successfully
2024-11-23 21:05:14,648 - src.data.database - INFO - Successfully connected to database
2024-11-23 21:05:14,648 - src.data.database - INFO - Database initialized successfully
2024-11-23 21:05:14,715 - src.data.database - INFO - Successfully connected to database
2024-11-23 21:05:14,715 - src.data.database - INFO - Database initialized successfully
2024-11-23 21:05:14,791 - __main__ - INFO - Starting the application...
2024-11-23 21:05:18,039 - src.data.database - INFO - Successfully connected to database
2024-11-23 21:05:20,900 - src.data.database - INFO - Successfully connected to database
2024-11-23 21:05:24,770 - src.data.database - INFO - Successfully connected to database
2024-11-23 21:05:35,912 - src.data.database - INFO - Successfully connected to database
2024-11-23 21:05:38,094 - src.data.database - INFO - Successfully connected to database
2024-11-23 21:05:40,350 - src.data.database - INFO - Successfully connected to database
2024-11-23 21:12:40,539 - src.data.database - ERROR - Error connecting to database: 'Database' object has no attribute 'db_name'
2024-11-23 21:12:40,540 - src.data.database - ERROR - Error initializing database: 'Database' object has no attribute 'db_name'
2024-11-23 21:12:40,540 - __main__ - CRITICAL - Failed to start application: 'Database' object has no attribute 'db_name'
2024-11-23 21:14:14,061 - src.data.database - INFO - Successfully connected to database
2024-11-23 21:14:14,067 - src.data.database - INFO - Database initialized successfully
2024-11-23 21:14:14,068 - src.data.database - INFO - Successfully connected to database
2024-11-23 21:14:14,069 - src.data.database - INFO - Database initialized successfully
2024-11-23 21:14:14,155 - src.data.database - INFO - Successfully connected to database
2024-11-23 21:14:14,156 - src.data.database - INFO - Database initialized successfully
2024-11-23 21:14:14,227 - src.data.database - INFO - Successfully connected to database
2024-11-23 21:14:14,227 - src.data.database - INFO - Database initialized successfully
2024-11-23 21:14:14,304 - __main__ - INFO - Starting the application...
2024-11-23 21:14:40,346 - src.data.database - INFO - Successfully connected to database
2024-11-23 21:14:40,353 - src.data.database - INFO - Database initialized successfully
2024-11-23 21:14:40,354 - src.data.database - INFO - Successfully connected to database
2024-11-23 21:14:40,354 - src.data.database - INFO - Database initialized successfully
2024-11-23 21:14:40,439 - src.data.database - INFO - Successfully connected to database
2024-11-23 21:14:40,439 - src.data.database - INFO - Database initialized successfully
2024-11-23 21:14:40,508 - src.data.database - INFO - Successfully connected to database
2024-11-23 21:14:40,508 - src.data.database - INFO - Database initialized successfully
2024-11-23 21:14:40,587 - __main__ - INFO - Starting the application...
2024-11-23 21:14:42,992 - src.data.database - INFO - Successfully connected to database
2024-11-23 21:14:44,015 - src.services.sparql_service - ERROR - Error fetching city info: float() argument must be a string or a real number, not 'NoneType'
2024-11-23 21:14:49,867 - src.data.database - INFO - Successfully connected to database
2024-11-23 21:14:50,731 - src.services.sparql_service - ERROR - Error fetching city info: float() argument must be a string or a real number, not 'NoneType'
2024-11-23 21:14:52,405 - src.data.database - INFO - Successfully connected to database
2024-11-23 21:14:54,211 - src.data.database - INFO - Successfully connected to database
2024-11-23 21:14:58,028 - src.data.database - INFO - Successfully connected to database
2024-11-23 21:14:58,480 - src.services.sparql_service - ERROR - Error fetching city info: float() argument must be a string or a real number, not 'NoneType'
2024-11-23 21:15:01,267 - src.data.database - INFO - Successfully connected to database
2024-11-23 21:25:52,401 - src.data.database - INFO - Successfully connected to database
2024-11-23 21:25:52,402 - src.data.database - INFO - Database initialized successfully
2024-11-23 21:25:52,402 - src.data.database - INFO - Successfully connected to database
2024-11-23 21:25:52,403 - src.data.database - INFO - Database initialized successfully
2024-11-23 21:25:52,485 - src.data.database - INFO - Successfully connected to database
2024-11-23 21:25:52,485 - src.data.database - INFO - Database initialized successfully
2024-11-23 21:25:52,555 - src.data.database - INFO - Successfully connected to database
2024-11-23 21:25:52,556 - src.data.database - INFO - Database initialized successfully
2024-11-23 21:25:52,631 - __main__ - INFO - Starting the application...
2024-11-23 21:25:54,631 - src.data.database - INFO - Successfully connected to database
2024-11-23 21:25:58,524 - src.data.database - INFO - Successfully connected to database
2024-11-23 21:25:59,452 - src.services.sparql_service - ERROR - Error fetching city info: float() argument must be a string or a real number, not 'NoneType'
2024-11-23 21:26:03,918 - src.data.database - INFO - Successfully connected to database
2024-11-23 21:26:08,334 - src.data.database - INFO - Successfully connected to database
2024-11-23 21:26:09,092 - src.services.sparql_service - ERROR - Error fetching city info: float() argument must be a string or a real number, not 'NoneType'
2024-11-23 21:26:13,985 - src.data.database - INFO - Successfully connected to database
2024-11-23 21:26:14,466 - src.services.sparql_service - ERROR - Error fetching city info: float() argument must be a string or a real number, not 'NoneType'
2024-11-23 21:26:21,257 - src.data.database - INFO - Successfully connected to database
2024-11-23 21:36:49,348 - src.data.database - INFO - Successfully connected to database
2024-11-23 21:36:49,348 - src.data.database - INFO - Database initialized successfully
2024-11-23 21:36:49,349 - src.data.database - INFO - Successfully connected to database
2024-11-23 21:36:49,350 - src.data.database - INFO - Database initialized successfully
2024-11-23 21:36:49,433 - src.data.database - INFO - Successfully connected to database
2024-11-23 21:36:49,434 - src.data.database - INFO - Database initialized successfully
2024-11-23 21:36:49,501 - src.data.database - INFO - Successfully connected to database
2024-11-23 21:36:49,502 - src.data.database - INFO - Database initialized successfully
2024-11-23 21:36:49,574 - __main__ - INFO - Starting the application...
2024-11-23 21:36:51,512 - src.data.database - INFO - Successfully connected to database
2024-11-23 21:36:54,716 - src.data.database - INFO - Successfully connected to database
2024-11-23 21:36:55,310 - src.services.sparql_service - ERROR - Error fetching city info: 'NoneType' object has no attribute 'value'
2024-11-23 21:37:01,795 - src.data.database - INFO - Successfully connected to database
2024-11-23 21:37:05,371 - src.data.database - INFO - Successfully connected to database
2024-11-23 21:37:08,569 - src.data.database - INFO - Successfully connected to database
2024-11-23 21:37:09,099 - src.services.sparql_service - ERROR - Error fetching city info: 'NoneType' object has no attribute 'value'
2024-11-23 21:40:17,546 - src.data.database - INFO - Successfully connected to database
2024-11-23 21:40:17,547 - src.data.database - INFO - Database initialized successfully
2024-11-23 21:40:17,548 - src.data.database - INFO - Successfully connected to database
2024-11-23 21:40:17,548 - src.data.database - INFO - Database initialized successfully
2024-11-23 21:40:17,641 - src.data.database - INFO - Successfully connected to database
2024-11-23 21:40:17,642 - src.data.database - INFO - Database initialized successfully
2024-11-23 21:40:17,707 - src.data.database - INFO - Successfully connected to database
2024-11-23 21:40:17,707 - src.data.database - INFO - Database initialized successfully
2024-11-23 21:40:17,788 - __main__ - INFO - Starting the application...
2024-11-23 21:41:11,724 - src.data.database - INFO - Successfully connected to database
2024-11-23 21:41:11,724 - src.data.database - INFO - Database initialized successfully
2024-11-23 21:41:11,724 - src.data.database - INFO - Successfully connected to database
2024-11-23 21:41:11,725 - src.data.database - INFO - Database initialized successfully
2024-11-23 21:41:11,812 - src.data.database - INFO - Successfully connected to database
2024-11-23 21:41:11,812 - src.data.database - INFO - Database initialized successfully
2024-11-23 21:41:11,887 - src.data.database - INFO - Successfully connected to database
2024-11-23 21:41:11,888 - src.data.database - INFO - Database initialized successfully
2024-11-23 21:41:11,962 - __main__ - INFO - Starting the application...
2024-11-23 21:41:13,423 - src.data.database - INFO - Successfully connected to database
2024-11-23 21:41:16,974 - src.data.database - INFO - Successfully connected to database
2024-11-23 21:41:17,802 - src.services.sparql_service - ERROR - Error fetching city info: 'URIRef' object has no attribute 'value'
2024-11-23 21:41:31,151 - src.data.database - INFO - Successfully connected to database
2024-11-23 21:41:31,763 - src.services.sparql_service - ERROR - Error fetching city info: 'NoneType' object is not iterable
2024-11-23 21:41:38,747 - src.data.database - INFO - Successfully connected to database
2024-11-23 21:41:39,297 - src.services.sparql_service - ERROR - Error fetching city info: 'URIRef' object has no attribute 'value'
2024-11-23 21:49:55,214 - __main__ - INFO - Starting the application...
2024-11-23 21:50:02,541 - src.data.database - WARNING - No city found with name: Черкаси
2024-11-23 21:50:03,404 - src.services.sparql_service - WARNING - No info found for city: Черкаси
2024-11-23 21:50:09,081 - src.data.database - WARNING - No city found with name: Тернопіль
2024-11-23 21:50:09,995 - src.services.sparql_service - ERROR - Error fetching city info: invalid literal for int() with base 10: rdflib.term.Literal('320.0', datatype=rdflib.term.URIRef('http://www.w3.org/2001/XMLSchema#double'))
2024-11-23 21:50:14,291 - src.data.database - WARNING - No city found with name: Запоріжжя
2024-11-23 21:50:20,565 - src.data.database - WARNING - No city found with name: Одеса
2024-11-23 21:50:21,088 - src.services.sparql_service - ERROR - Error fetching city info: invalid literal for int() with base 10: rdflib.term.Literal('40.0', datatype=rdflib.term.URIRef('http://www.w3.org/2001/XMLSchema#double'))
2024-11-23 21:50:23,954 - src.data.database - WARNING - No city found with name: Харків
2024-11-23 21:50:24,480 - src.services.sparql_service - WARNING - No info found for city: Харків
2024-11-23 21:50:27,920 - src.data.database - WARNING - No city found with name: Харків
2024-11-23 21:50:28,309 - src.services.sparql_service - WARNING - No info found for city: Харків
2024-11-23 22:09:43,005 - __main__ - INFO - Starting the application...
2024-11-23 22:11:44,378 - src.data.database - WARNING - No city found with name: Ізяслав
2024-11-23 22:11:45,863 - src.services.wikidata_service - WARNING - No Wikidata info found for city: Ізяслав
2024-11-23 22:11:47,025 - src.gui.main_window - ERROR - Error showing city info: 'NoneType' object has no attribute 'copy'
2024-11-23 22:11:49,969 - src.data.database - WARNING - No city found with name: Іршава
2024-11-23 22:11:51,033 - src.services.wikidata_service - ERROR - Error fetching city info from Wikidata: HTTP Error 429: Too Many Requests
2024-11-23 22:11:51,406 - src.gui.main_window - ERROR - Error showing city info: 'NoneType' object has no attribute 'copy'
2024-11-23 22:11:53,593 - src.data.database - WARNING - No city found with name: Алчевськ
2024-11-23 22:11:54,053 - src.services.wikidata_service - WARNING - No Wikidata info found for city: Алчевськ
2024-11-23 22:11:55,463 - src.gui.main_window - ERROR - Error showing city info: 'NoneType' object has no attribute 'copy'
2024-11-23 22:12:00,437 - src.data.database - WARNING - No city found with name: Єнакієве
2024-11-23 22:12:01,049 - src.services.wikidata_service - WARNING - No Wikidata info found for city: Єнакієве
2024-11-23 22:12:01,423 - src.gui.main_window - ERROR - Error showing city info: 'NoneType' object has no attribute 'copy'
2024-11-23 22:12:08,513 - src.data.database - WARNING - No city found with name: Борислав
2024-11-23 22:12:08,935 - src.services.wikidata_service - WARNING - No Wikidata info found for city: Борислав
2024-11-23 22:12:09,344 - src.gui.main_window - ERROR - Error showing city info: 'NoneType' object has no attribute 'copy'
2024-11-23 22:12:13,194 - src.data.database - WARNING - No city found with name: Бориспіль
2024-11-23 22:12:13,585 - src.services.wikidata_service - WARNING - No Wikidata info found for city: Бориспіль
2024-11-23 22:12:14,315 - src.gui.main_window - ERROR - Error showing city info: 'NoneType' object has no attribute 'copy'
2024-11-23 22:13:24,591 - __main__ - INFO - Starting the application...
2024-11-23 22:13:27,089 - src.data.database - WARNING - No city found with name: Львів
2024-11-23 22:13:27,755 - src.services.wikidata_service - WARNING - No Wikidata info found for city: Львів
2024-11-23 22:13:28,196 - src.gui.main_window - ERROR - Error showing city info: 'NoneType' object has no attribute 'copy'
2024-11-23 22:37:23,865 - __main__ - INFO - Starting the application...
2024-11-23 22:37:33,264 - src.data.database - WARNING - No city found with name: Львів
2024-11-23 22:37:35,032 - src.services.wikidata_service - WARNING - No Wikidata info found for city: Львів
2024-11-23 22:37:35,553 - src.gui.main_window - ERROR - Error showing city info: 'NoneType' object has no attribute 'copy'
2024-11-23 22:37:40,494 - src.data.database - WARNING - No city found with name: Дніпро
2024-11-23 22:37:41,657 - src.services.wikidata_service - WARNING - No Wikidata info found for city: Дніпро
2024-11-23 22:37:42,087 - src.gui.main_window - ERROR - Error showing city info: 'NoneType' object has no attribute 'copy'
2024-11-23 22:37:45,989 - src.data.database - WARNING - No city found with name: Тернопіль
2024-11-23 22:37:47,223 - src.services.wikidata_service - WARNING - No Wikidata info found for city: Тернопіль
2024-11-23 22:37:47,680 - src.gui.main_window - ERROR - Error showing city info: 'NoneType' object has no attribute 'copy'
2024-11-23 22:37:50,567 - src.data.database - WARNING - No city found with name: Одеса
2024-11-23 22:37:50,916 - src.services.wikidata_service - WARNING - No Wikidata info found for city: Одеса
2024-11-23 22:37:51,572 - src.gui.main_window - ERROR - Error showing city info: 'NoneType' object has no attribute 'copy'
2024-11-23 22:37:53,920 - src.data.database - WARNING - No city found with name: Львів
2024-11-23 22:37:54,232 - src.services.wikidata_service - WARNING - No Wikidata info found for city: Львів
2024-11-23 22:37:54,829 - src.gui.main_window - ERROR - Error showing city info: 'NoneType' object has no attribute 'copy'
2024-11-24 23:47:01,572 - __main__ - INFO - Starting the application...
2024-11-24 23:47:06,465 - src.data.database - WARNING - No city found with name: Ізмаїл
2024-11-24 23:47:07,764 - src.services.wikidata_service - WARNING - No Wikidata info found for city: Ізмаїл
2024-11-24 23:47:08,254 - src.gui.main_window - ERROR - Error showing city info: 'NoneType' object has no attribute 'copy'
2024-11-24 23:51:44,964 - __main__ - INFO - Starting the application...
2024-11-24 23:51:49,387 - src.data.database - WARNING - No city found with name: Львів
2024-11-24 23:51:49,387 - src.services.city_service - WARNING - No city found with name: Львів
2024-11-24 23:51:49,388 - src.gui.main_window - ERROR - Error showing city info: 'MainWindow' object has no attribute 'wikidata_service'
2024-11-24 23:51:54,063 - src.data.database - WARNING - No city found with name: Харків
2024-11-24 23:51:54,063 - src.services.city_service - WARNING - No city found with name: Харків
2024-11-24 23:51:54,063 - src.gui.main_window - ERROR - Error showing city info: 'MainWindow' object has no attribute 'wikidata_service'
2024-11-24 23:51:56,232 - src.data.database - WARNING - No city found with name: Одеса
2024-11-24 23:51:56,232 - src.services.city_service - WARNING - No city found with name: Одеса
2024-11-24 23:51:56,232 - src.gui.main_window - ERROR - Error showing city info: 'MainWindow' object has no attribute 'wikidata_service'
2024-11-24 23:51:58,662 - src.data.database - WARNING - No city found with name: Дніпро
2024-11-24 23:51:58,662 - src.services.city_service - WARNING - No city found with name: Дніпро
2024-11-24 23:51:58,663 - src.gui.main_window - ERROR - Error showing city info: 'MainWindow' object has no attribute 'wikidata_service'
2024-11-24 23:58:36,509 - __main__ - INFO - Starting the application...
2024-11-24 23:58:39,936 - src.data.database - WARNING - No city found with name: Львів
2024-11-24 23:58:41,199 - src.services.sparql_service - ERROR - Error fetching city info: invalid literal for int() with base 10: rdflib.term.Literal('296.0', datatype=rdflib.term.URIRef('http://www.w3.org/2001/XMLSchema#double'))
2024-11-24 23:58:43,199 - src.data.database - ERROR - Error adding city: table cities has no column named founding_date
2024-11-24 23:58:43,200 - src.data.database - WARNING - No city found with name: Львів
2024-11-24 23:58:43,201 - src.services.city_service - WARNING - No city found with name: Львів
2024-11-24 23:58:43,201 - src.gui.main_window - ERROR - Error showing city info: 'MainWindow' object has no attribute 'wikidata_service'
2024-11-24 23:58:51,439 - src.data.database - WARNING - No city found with name: Полтава
2024-11-24 23:58:53,200 - src.data.database - ERROR - Error adding city: table cities has no column named founding_date
2024-11-24 23:58:53,202 - src.data.database - WARNING - No city found with name: Полтава
2024-11-24 23:58:53,202 - src.services.city_service - WARNING - No city found with name: Полтава
2024-11-24 23:58:53,202 - src.gui.main_window - ERROR - Error showing city info: 'MainWindow' object has no attribute 'wikidata_service'
2024-11-24 23:58:55,484 - src.data.database - WARNING - No city found with name: Тернопіль
2024-11-24 23:58:56,253 - src.services.sparql_service - ERROR - Error fetching city info: invalid literal for int() with base 10: rdflib.term.Literal('320.0', datatype=rdflib.term.URIRef('http://www.w3.org/2001/XMLSchema#double'))
2024-11-24 23:58:57,378 - src.data.database - ERROR - Error adding city: table cities has no column named founding_date
2024-11-24 23:58:57,380 - src.data.database - WARNING - No city found with name: Тернопіль
2024-11-24 23:58:57,381 - src.services.city_service - WARNING - No city found with name: Тернопіль
2024-11-24 23:58:57,381 - src.gui.main_window - ERROR - Error showing city info: 'MainWindow' object has no attribute 'wikidata_service'
2024-11-25 00:01:37,328 - src.data.database - INFO - Database initialized successfully
2024-11-25 00:01:37,330 - src.data.database - INFO - Database initialized successfully
2024-11-25 00:01:37,534 - src.data.database - INFO - Database initialized successfully
2024-11-25 00:01:37,535 - src.gui.main_window - ERROR - Error setting up UI: 'MainWindow' object has no attribute 'root'
2024-11-25 00:01:40,578 - __main__ - CRITICAL - Failed to start application: 'MainWindow' object has no attribute 'root'
2024-11-25 00:05:47,668 - src.data.database - INFO - Database initialized successfully
2024-11-25 00:05:47,668 - src.data.database - INFO - Database initialized successfully
2024-11-25 00:05:47,795 - src.data.database - INFO - Database initialized successfully
2024-11-25 00:05:48,355 - src.data.database - INFO - Database initialized successfully
2024-11-25 00:05:48,480 - __main__ - INFO - Starting the application...
2024-11-25 00:05:54,939 - src.data.database - ERROR - Error adding city: table cities has no column named founding_date
2024-11-25 00:06:04,788 - src.data.database - ERROR - Error adding city: table cities has no column named founding_date
2024-11-25 00:06:04,789 - src.data.database - WARNING - No city found with name: Тернопіль
2024-11-25 00:06:06,119 - src.data.database - ERROR - Error adding city: table cities has no column named founding_date
2024-11-25 00:06:06,121 - src.data.database - WARNING - No city found with name: Тернопіль
2024-11-25 00:06:06,121 - src.services.city_service - WARNING - No city found with name: Тернопіль
2024-11-25 00:06:12,716 - src.services.sparql_service - WARNING - No info found for city: Черкаси
2024-11-25 00:06:14,134 - src.data.database - ERROR - Error adding city: table cities has no column named founding_date
2024-11-25 00:06:14,135 - src.data.database - WARNING - No city found with name: Черкаси
2024-11-25 00:06:14,466 - src.services.sparql_service - WARNING - No info found for city: Черкаси
2024-11-25 00:06:15,152 - src.data.database - ERROR - Error adding city: table cities has no column named founding_date
2024-11-25 00:06:15,153 - src.data.database - WARNING - No city found with name: Черкаси
2024-11-25 00:06:15,153 - src.services.city_service - WARNING - No city found with name: Черкаси
2024-11-25 00:06:19,846 - src.data.database - ERROR - Error adding city: table cities has no column named founding_date
2024-11-25 00:06:19,847 - src.data.database - WARNING - No city found with name: Полтава
2024-11-25 00:06:20,799 - src.data.database - ERROR - Error adding city: table cities has no column named founding_date
2024-11-25 00:06:20,800 - src.data.database - WARNING - No city found with name: Полтава
2024-11-25 00:06:20,800 - src.services.city_service - WARNING - No city found with name: Полтава
2024-11-25 00:06:25,467 - src.data.database - ERROR - Error adding city: table cities has no column named founding_date
2024-11-25 00:06:25,468 - src.data.database - WARNING - No city found with name: Вінниця
2024-11-25 00:06:26,707 - src.data.database - ERROR - Error adding city: table cities has no column named founding_date
2024-11-25 00:06:26,708 - src.data.database - WARNING - No city found with name: Вінниця
2024-11-25 00:06:26,708 - src.services.city_service - WARNING - No city found with name: Вінниця
2024-11-25 00:06:29,465 - src.services.sparql_service - WARNING - No info found for city: Дніпро
2024-11-25 00:06:30,338 - src.data.database - ERROR - Error adding city: table cities has no column named founding_date
2024-11-25 00:06:30,339 - src.data.database - WARNING - No city found with name: Дніпро
2024-11-25 00:06:30,638 - src.services.sparql_service - WARNING - No info found for city: Дніпро
2024-11-25 00:06:31,301 - src.data.database - ERROR - Error adding city: table cities has no column named founding_date
2024-11-25 00:06:31,302 - src.data.database - WARNING - No city found with name: Дніпро
2024-11-25 00:06:31,303 - src.services.city_service - WARNING - No city found with name: Дніпро
2024-11-25 00:06:36,247 - src.data.database - ERROR - Error adding city: table cities has no column named founding_date
2024-11-25 00:06:36,248 - src.data.database - WARNING - No city found with name: Одеса
2024-11-25 00:06:37,245 - src.data.database - ERROR - Error adding city: table cities has no column named founding_date
2024-11-25 00:06:37,246 - src.data.database - WARNING - No city found with name: Одеса
2024-11-25 00:06:37,247 - src.services.city_service - WARNING - No city found with name: Одеса
2024-11-25 00:10:03,078 - src.data.database - INFO - Database initialized successfully
2024-11-25 00:10:03,080 - src.data.database - INFO - Database initialized successfully
2024-11-25 00:10:03,225 - src.data.database - INFO - Database initialized successfully
2024-11-25 00:10:03,754 - src.data.database - INFO - Database initialized successfully
2024-11-25 00:10:03,865 - __main__ - INFO - Starting the application...
2024-11-25 00:10:07,053 - src.data.database - ERROR - Error adding city: table cities has no column named elevation
2024-11-25 00:10:07,054 - src.data.database - WARNING - No city found with name: Київ
2024-11-25 00:10:08,169 - src.data.database - ERROR - Error adding city: table cities has no column named elevation
2024-11-25 00:10:08,170 - src.data.database - WARNING - No city found with name: Київ
2024-11-25 00:10:08,170 - src.services.city_service - WARNING - No city found with name: Київ
2024-11-25 00:10:17,318 - src.data.database - ERROR - Error adding city: table cities has no column named elevation
2024-11-25 00:10:17,318 - src.data.database - WARNING - No city found with name: Львів
2024-11-25 00:10:18,335 - src.data.database - ERROR - Error adding city: table cities has no column named elevation
2024-11-25 00:10:18,336 - src.data.database - WARNING - No city found with name: Львів
2024-11-25 00:10:18,336 - src.services.city_service - WARNING - No city found with name: Львів
2024-11-25 00:12:20,677 - src.data.database - INFO - Database initialized successfully
2024-11-25 00:12:20,680 - src.data.database - INFO - Database initialized successfully
2024-11-25 00:12:20,817 - src.data.database - INFO - Database initialized successfully
2024-11-25 00:12:21,306 - src.data.database - INFO - Database initialized successfully
2024-11-25 00:12:21,425 - __main__ - INFO - Starting the application...
2024-11-25 00:12:23,746 - src.services.sparql_service - ERROR - Error fetching city info: 'NoneType' object has no attribute 'value'
2024-11-25 00:12:24,763 - src.data.database - ERROR - Error getting city: tuple index out of range
2024-11-25 00:12:25,094 - src.services.sparql_service - ERROR - Error fetching city info: 'NoneType' object has no attribute 'value'
2024-11-25 00:12:25,791 - src.data.database - ERROR - Error getting city: tuple index out of range
2024-11-25 00:12:25,792 - src.services.city_service - WARNING - No city found with name: Київ
2024-11-25 00:14:40,106 - src.data.database - INFO - Database initialized successfully
2024-11-25 00:14:40,109 - src.data.database - INFO - Database initialized successfully
2024-11-25 00:14:40,290 - src.data.database - INFO - Database initialized successfully
2024-11-25 00:14:40,891 - src.data.database - INFO - Database initialized successfully
2024-11-25 00:14:41,044 - __main__ - INFO - Starting the application...
2024-11-25 00:15:29,498 - src.data.database - INFO - Database initialized successfully
2024-11-25 00:15:29,499 - src.data.database - INFO - Database initialized successfully
2024-11-25 00:15:29,632 - src.data.database - INFO - Database initialized successfully
2024-11-25 00:15:30,123 - src.data.database - INFO - Database initialized successfully
2024-11-25 00:15:30,239 - __main__ - INFO - Starting the application...
2024-11-25 00:20:31,068 - src.data.database - INFO - Database initialized successfully
2024-11-25 00:20:31,069 - src.data.database - INFO - Database initialized successfully
2024-11-25 00:20:31,211 - src.data.database - INFO - Database initialized successfully
2024-11-25 00:20:31,693 - src.data.database - INFO - Database initialized successfully
2024-11-25 00:20:31,840 - __main__ - INFO - Starting the application...
2024-11-25 00:28:37,307 - src.data.database - INFO - Database initialized successfully
2024-11-25 00:28:37,309 - src.data.database - INFO - Database initialized successfully
2024-11-25 00:28:37,435 - src.data.database - INFO - Database initialized successfully
2024-11-25 00:28:37,893 - src.data.database - INFO - Database initialized successfully
2024-11-25 00:28:38,006 - __main__ - INFO - Starting the application...
2024-11-25 00:29:14,957 - src.services.city_service - ERROR - Error searching cities by area: no such column: area
2024-11-25 01:05:30,189 - src.data.database - INFO - Database initialized successfully
2024-11-25 01:05:30,190 - src.data.database - INFO - Database initialized successfully
2024-11-25 01:05:30,351 - src.data.database - INFO - Database initialized successfully
2024-11-25 01:05:30,478 - src.data.database - INFO - Database initialized successfully
2024-11-25 01:05:30,583 - __main__ - INFO - Starting the application...
2024-11-25 01:05:40,058 - src.services.city_service - ERROR - Error searching cities: 'WikidataService' object has no attribute 'search_cities'
2024-11-25 01:05:48,052 - src.services.city_service - ERROR - Error searching cities: 'WikidataService' object has no attribute 'search_cities'
2024-11-25 01:05:50,643 - src.services.city_service - ERROR - Error searching cities: 'WikidataService' object has no attribute 'search_cities'
2024-11-25 01:05:57,167 - src.services.city_service - ERROR - Error searching cities: 'WikidataService' object has no attribute 'search_cities'
2024-11-25 01:08:56,213 - src.data.database - INFO - Database initialized successfully
2024-11-25 01:08:56,214 - src.data.database - INFO - Database initialized successfully
2024-11-25 01:08:56,369 - src.data.database - INFO - Database initialized successfully
2024-11-25 01:08:56,496 - __main__ - CRITICAL - Failed to start application: name 'SPARQLStore' is not defined
2024-11-25 01:11:09,784 - src.data.database - INFO - Database initialized successfully
2024-11-25 01:11:09,785 - src.data.database - INFO - Database initialized successfully
2024-11-25 01:11:09,961 - src.data.database - INFO - Database initialized successfully
2024-11-25 01:11:09,962 - __main__ - CRITICAL - Failed to start application: No plugin registered for (<SPARQLWrapper.Wrapper.SPARQLWrapper object at 0x0000020441C7E900>
{"_defaultGraph" : None,
"_defaultReturnFormat" : 'xml',
"agent" : 'sparqlwrapper 2.0.0 (rdflib.github.io/sparqlwrapper)',
"customHttpHeaders" : {},
"endpoint" : 'http://query.wikidata.org/sparql',
"http_auth" : 'BASIC',
"method" : 'GET',
"onlyConneg" : False,
"parameters" : {},
"passwd" : None,
"queryString" : 'SELECT * WHERE{ ?s ?p ?o }',
"queryType" : 'SELECT',
"requestMethod" : 'urlencoded',
"returnFormat" : 'xml',
"timeout" : None,
"updateEndpoint" : 'http://query.wikidata.org/sparql',
"user" : None}, <class 'rdflib.store.Store'>)
2024-11-25 01:13:45,186 - src.data.database - INFO - Database initialized successfully
2024-11-25 01:13:45,188 - src.data.database - INFO - Database initialized successfully
2024-11-25 01:13:45,340 - src.data.database - INFO - Database initialized successfully
2024-11-25 01:13:45,501 - src.data.database - INFO - Database initialized successfully
2024-11-25 01:13:45,670 - __main__ - INFO - Starting the application...
2024-11-25 01:17:00,220 - src.data.database - INFO - Database initialized successfully
2024-11-25 01:17:00,221 - src.data.database - INFO - Database initialized successfully
2024-11-25 01:17:00,366 - src.data.database - INFO - Database initialized successfully
2024-11-25 01:17:00,572 - src.data.database - INFO - Database initialized successfully
2024-11-25 01:17:00,692 - __main__ - INFO - Starting the application...
2024-11-25 01:19:34,476 - src.data.database - INFO - Database initialized successfully
2024-11-25 01:19:34,477 - src.data.database - INFO - Database initialized successfully
2024-11-25 01:19:34,615 - src.data.database - INFO - Database initialized successfully
2024-11-25 01:19:34,732 - src.data.database - INFO - Database initialized successfully
2024-11-25 01:19:34,841 - __main__ - INFO - Starting the application...
2024-11-25 01:24:35,407 - src.data.database - INFO - Database initialized successfully
2024-11-25 01:24:35,408 - src.data.database - INFO - Database initialized successfully
2024-11-25 01:24:35,526 - src.data.database - INFO - Database initialized successfully
2024-11-25 01:24:35,640 - src.data.database - INFO - Database initialized successfully
2024-11-25 01:24:35,640 - src.gui.components.city_frame - ERROR - Error setting up UI: 'CityFrame' object has no attribute 'setup_left_panel'
2024-11-25 01:24:37,021 - __main__ - INFO - Starting the application...
2024-11-25 01:24:49,194 - src.gui.main_window - ERROR - Error updating statistics: 'MainWindow' object has no attribute 'total_cities'
2024-11-25 01:27:10,735 - src.data.database - INFO - Database initialized successfully
2024-11-25 01:27:10,736 - src.data.database - INFO - Database initialized successfully
2024-11-25 01:27:10,884 - src.data.database - INFO - Database initialized successfully
2024-11-25 01:27:11,053 - src.data.database - INFO - Database initialized successfully
2024-11-25 01:27:11,054 - src.gui.components.city_frame - ERROR - Error setting up UI: 'CityFrame' object has no attribute 'setup_stats_tab'
2024-11-25 01:27:12,873 - __main__ - INFO - Starting the application...
2024-11-25 01:27:17,894 - src.gui.main_window - ERROR - Error updating statistics: 'MainWindow' object has no attribute 'total_cities'
2024-11-25 01:29:27,847 - src.data.database - INFO - Database initialized successfully
2024-11-25 01:29:27,851 - src.data.database - INFO - Database initialized successfully
2024-11-25 01:29:28,047 - src.data.database - INFO - Database initialized successfully
2024-11-25 01:29:28,190 - src.data.database - INFO - Database initialized successfully
2024-11-25 01:29:28,190 - src.gui.components.city_frame - ERROR - Error setting up UI: 'CityFrame' object has no attribute 'setup_stats_tab'
2024-11-25 01:29:30,106 - __main__ - INFO - Starting the application...
2024-11-25 01:33:52,643 - src.data.database - INFO - Database initialized successfully
2024-11-25 01:33:52,644 - src.data.database - INFO - Database initialized successfully
2024-11-25 01:33:52,756 - src.data.database - INFO - Database initialized successfully
2024-11-25 01:33:52,874 - src.data.database - INFO - Database initialized successfully
2024-11-25 01:33:52,875 - src.gui.components.city_frame - ERROR - Error setting up UI: 'CityFrame' object has no attribute 'setup_stats_tab'
2024-11-25 01:33:54,800 - __main__ - INFO - Starting the application...
2024-11-25 01:38:56,615 - src.data.database - INFO - Database initialized successfully
2024-11-25 01:38:56,616 - src.data.database - INFO - Database initialized successfully
2024-11-25 01:38:56,734 - src.data.database - INFO - Database initialized successfully
2024-11-25 01:38:56,848 - src.data.database - INFO - Database initialized successfully
2024-11-25 01:38:56,967 - __main__ - INFO - Starting the application...
2024-11-25 01:43:03,168 - src.data.database - INFO - Database initialized successfully
2024-11-25 01:43:03,171 - src.data.database - INFO - Database initialized successfully
2024-11-25 01:43:03,288 - src.data.database - INFO - Database initialized successfully
2024-11-25 01:43:03,401 - src.data.database - INFO - Database initialized successfully
2024-11-25 01:43:03,535 - __main__ - INFO - Starting the application...
2024-11-25 01:51:16,173 - src.data.database - INFO - Database initialized successfully
2024-11-25 01:51:16,175 - src.data.database - INFO - Database initialized successfully
2024-11-25 01:51:16,301 - src.data.database - INFO - Database initialized successfully
2024-11-25 01:51:16,432 - src.data.database - INFO - Database initialized successfully
2024-11-25 01:51:16,568 - __main__ - INFO - Starting the application...
2024-11-25 01:51:25,817 - src.services.city_service - WARNING - No city found with name: Харків
2024-11-25 01:54:32,436 - src.data.database - INFO - Database initialized successfully
2024-11-25 01:54:32,437 - src.data.database - INFO - Database initialized successfully
2024-11-25 01:54:32,556 - src.data.database - INFO - Database initialized successfully
2024-11-25 01:54:32,675 - src.data.database - INFO - Database initialized successfully
2024-11-25 01:54:32,675 - src.gui.main_window - ERROR - Error setting up UI: 'CityFrame' object has no attribute 'setup_ui'
2024-11-25 01:54:34,274 - __main__ - INFO - Starting the application...
2024-11-25 01:54:36,252 - src.gui.main_window - ERROR - Error showing city info: 'MainWindow' object has no attribute 'city_frame'
2024-11-25 01:54:38,848 - src.services.city_service - WARNING - No city found with name: Харків
2024-11-25 01:56:10,975 - src.data.database - INFO - Database initialized successfully
2024-11-25 01:56:10,977 - src.data.database - INFO - Database initialized successfully
2024-11-25 01:56:11,089 - src.data.database - INFO - Database initialized successfully
2024-11-25 01:56:11,209 - src.data.database - INFO - Database initialized successfully
2024-11-25 01:56:11,210 - src.gui.main_window - ERROR - Error setting up UI: 'CityFrame' object has no attribute 'setup_ui'
2024-11-25 01:56:12,592 - __main__ - INFO - Starting the application...
2024-11-25 01:56:13,792 - src.gui.main_window - ERROR - Error showing city info: 'MainWindow' object has no attribute 'city_frame'
2024-11-25 02:00:59,591 - src.data.database - INFO - Database initialized successfully
2024-11-25 02:00:59,593 - src.data.database - INFO - Database initialized successfully
2024-11-25 02:00:59,743 - src.data.database - INFO - Database initialized successfully
2024-11-25 02:00:59,907 - src.data.database - INFO - Database initialized successfully
2024-11-25 02:00:59,908 - src.gui.main_window - ERROR - Error setting up UI: 'CityFrame' object has no attribute 'setup_ui'
2024-11-25 02:01:01,016 - __main__ - INFO - Starting the application...
2024-11-25 02:01:03,559 - src.gui.main_window - ERROR - Error showing city info: 'MainWindow' object has no attribute 'city_frame'
2024-11-25 02:03:25,008 - src.data.database - INFO - Database initialized successfully
2024-11-25 02:03:25,010 - src.data.database - INFO - Database initialized successfully
2024-11-25 02:03:25,135 - src.data.database - INFO - Database initialized successfully
2024-11-25 02:03:25,297 - src.data.database - INFO - Database initialized successfully
2024-11-25 02:03:25,359 - __main__ - INFO - Starting the application...
2024-11-25 02:03:28,749 - src.gui.main_window - ERROR - Error showing city info: 'CityFrame' object has no attribute 'info_text'
2024-11-25 02:03:33,512 - src.services.city_service - WARNING - No city found with name: Харків
2024-11-25 02:03:35,888 - src.gui.main_window - ERROR - Error showing city info: 'CityFrame' object has no attribute 'info_text'
2024-11-25 02:04:38,950 - src.data.database - INFO - Database initialized successfully
2024-11-25 02:04:38,953 - src.data.database - INFO - Database initialized successfully
2024-11-25 02:04:39,105 - src.data.database - INFO - Database initialized successfully
2024-11-25 02:04:39,234 - src.data.database - INFO - Database initialized successfully
2024-11-25 02:04:39,374 - __main__ - INFO - Starting the application...
2024-11-25 02:09:55,241 - src.data.database - INFO - Database initialized successfully
2024-11-25 02:09:55,244 - src.data.database - INFO - Database initialized successfully
2024-11-25 02:09:55,386 - src.data.database - INFO - Database initialized successfully
2024-11-25 02:09:55,526 - src.data.database - INFO - Database initialized successfully
2024-11-25 02:09:55,653 - __main__ - INFO - Starting the application...
2024-11-25 02:10:07,243 - src.services.city_service - WARNING - No city found with name: Харків
2024-11-25 02:10:15,977 - src.services.city_service - WARNING - No city found with name: Дніпро
2024-11-25 02:10:36,827 - src.data.database - INFO - Database initialized successfully
2024-11-25 02:10:36,828 - src.data.database - INFO - Database initialized successfully
2024-11-25 02:10:36,938 - src.data.database - INFO - Database initialized successfully
2024-11-25 02:10:37,070 - src.data.database - INFO - Database initialized successfully
2024-11-25 02:10:37,274 - __main__ - INFO - Starting the application...
2024-11-25 02:13:55,152 - src.data.database - INFO - Database initialized successfully
2024-11-25 02:13:55,154 - src.data.database - INFO - Database initialized successfully
2024-11-25 02:13:55,277 - src.data.database - INFO - Database initialized successfully
2024-11-25 02:13:55,395 - src.data.database - INFO - Database initialized successfully
2024-11-25 02:13:55,560 - __main__ - INFO - Starting the application...
2024-11-25 02:18:51,660 - src.data.database - INFO - Database initialized successfully
2024-11-25 02:18:51,661 - src.data.database - INFO - Database initialized successfully
2024-11-25 02:18:51,771 - src.data.database - INFO - Database initialized successfully
2024-11-25 02:18:51,772 - src.data.database - INFO - Database initialized successfully
2024-11-25 02:18:51,885 - src.data.database - INFO - Database initialized successfully
2024-11-25 02:18:52,013 - __main__ - INFO - Starting the application...
2024-11-25 02:19:06,004 - src.data.database - ERROR - Error deleting database: [WinError 32] The process cannot access the file because it is being used by another process: 'cities.db'
2024-11-25 02:20:10,101 - src.data.database - INFO - Database initialized successfully
2024-11-25 02:20:10,102 - src.data.database - INFO - Database initialized successfully
2024-11-25 02:20:10,215 - src.data.database - INFO - Database initialized successfully
2024-11-25 02:20:10,216 - src.data.database - INFO - Database initialized successfully
2024-11-25 02:20:10,329 - src.data.database - INFO - Database initialized successfully
2024-11-25 02:20:10,530 - __main__ - INFO - Starting the application...
2024-11-25 02:20:14,955 - src.data.database - ERROR - Error deleting database: [WinError 32] The process cannot access the file because it is being used by another process: 'cities.db'
2024-11-25 02:21:40,604 - src.data.database - INFO - Database initialized successfully
2024-11-25 02:21:40,605 - src.data.database - INFO - Database initialized successfully
2024-11-25 02:21:40,727 - src.data.database - INFO - Database initialized successfully
2024-11-25 02:21:40,729 - src.data.database - INFO - Database initialized successfully
2024-11-25 02:21:40,844 - src.data.database - INFO - Database initialized successfully
2024-11-25 02:21:40,965 - __main__ - INFO - Starting the application...
2024-11-25 02:21:44,295 - src.data.database - INFO - Database cleared successfully
2024-11-25 02:23:13,656 - src.data.database - INFO - Database initialized successfully
2024-11-25 02:23:13,657 - src.data.database - INFO - Database initialized successfully
2024-11-25 02:23:13,768 - src.data.database - INFO - Database initialized successfully
2024-11-25 02:23:13,769 - src.data.database - INFO - Database initialized successfully
2024-11-25 02:23:13,884 - src.data.database - INFO - Database initialized successfully
2024-11-25 02:23:14,000 - __main__ - INFO - Starting the application...
2024-11-25 02:26:04,639 - src.data.database - INFO - Database initialized successfully
2024-11-25 02:26:04,641 - src.data.database - INFO - Database initialized successfully
2024-11-25 02:26:04,753 - src.data.database - INFO - Database initialized successfully
2024-11-25 02:26:04,754 - src.data.database - INFO - Database initialized successfully
2024-11-25 02:26:04,864 - src.data.database - INFO - Database initialized successfully
2024-11-25 02:26:04,997 - __main__ - INFO - Starting the application...
2024-11-25 02:26:06,632 - src.gui.main_window - ERROR - Error updating statistics: 'population_distribution'
2024-11-25 02:26:12,309 - src.gui.main_window - ERROR - Error updating statistics: 'population_distribution'
2024-11-25 02:26:55,704 - src.data.database - INFO - Database initialized successfully
2024-11-25 02:26:55,706 - src.data.database - INFO - Database initialized successfully
2024-11-25 02:26:55,822 - src.data.database - INFO - Database initialized successfully
2024-11-25 02:26:55,824 - src.data.database - INFO - Database initialized successfully
2024-11-25 02:26:55,934 - src.data.database - INFO - Database initialized successfully
2024-11-25 02:26:56,059 - __main__ - INFO - Starting the application...
2024-11-25 02:26:58,792 - src.gui.main_window - ERROR - 'population_distribution' key not found in stats
2024-11-25 02:27:01,097 - src.gui.main_window - ERROR - 'population_distribution' key not found in stats
2024-11-25 02:28:59,835 - src.data.database - INFO - Database initialized successfully
2024-11-25 02:28:59,837 - src.data.database - INFO - Database initialized successfully
2024-11-25 02:28:59,983 - src.data.database - INFO - Database initialized successfully
2024-11-25 02:28:59,985 - src.data.database - INFO - Database initialized successfully
2024-11-25 02:29:00,139 - src.data.database - INFO - Database initialized successfully
2024-11-25 02:29:00,258 - __main__ - INFO - Starting the application...
2024-11-25 02:29:01,787 - src.services.city_service - ERROR - Error getting statistics: 'CityService' object has no attribute 'get_city_info_list'
2024-11-25 02:29:10,802 - src.services.city_service - ERROR - Error getting statistics: 'CityService' object has no attribute 'get_city_info_list'
2024-11-25 02:29:17,450 - src.services.city_service - ERROR - Error getting statistics: 'CityService' object has no attribute 'get_city_info_list'
2024-11-25 02:30:07,293 - src.data.database - INFO - Database initialized successfully
2024-11-25 02:30:07,294 - src.data.database - INFO - Database initialized successfully
2024-11-25 02:30:07,414 - src.data.database - INFO - Database initialized successfully
2024-11-25 02:30:07,415 - src.data.database - INFO - Database initialized successfully
2024-11-25 02:30:07,538 - src.data.database - INFO - Database initialized successfully
2024-11-25 02:30:07,666 - __main__ - INFO - Starting the application...
2024-11-25 02:30:08,745 - src.gui.main_window - ERROR - Error showing city info: 'CityService' object has no attribute 'get_city_info'
2024-11-25 02:33:06,158 - src.data.database - INFO - Database initialized successfully
2024-11-25 02:33:06,160 - src.data.database - INFO - Database initialized successfully
2024-11-25 02:33:06,274 - src.data.database - INFO - Database initialized successfully
2024-11-25 02:33:06,276 - src.data.database - INFO - Database initialized successfully
2024-11-25 02:33:06,394 - src.data.database - INFO - Database initialized successfully
2024-11-25 02:33:06,519 - __main__ - INFO - Starting the application...
2024-11-25 02:34:28,371 - src.data.database - INFO - Database initialized successfully
2024-11-25 02:34:28,373 - src.data.database - INFO - Database initialized successfully
2024-11-25 02:34:28,486 - src.data.database - INFO - Database initialized successfully
2024-11-25 02:34:28,488 - src.data.database - INFO - Database initialized successfully
2024-11-25 02:34:28,599 - src.data.database - INFO - Database initialized successfully
2024-11-25 02:34:28,724 - __main__ - INFO - Starting the application...
2024-11-25 02:34:29,816 - src.gui.main_window - ERROR - Error showing city info: 'CityService' object has no attribute 'get_city'
2024-11-25 02:39:47,676 - src.data.database - INFO - Database initialized successfully
2024-11-25 02:39:47,679 - src.data.database - INFO - Database initialized successfully
2024-11-25 02:39:47,797 - src.data.database - INFO - Database initialized successfully
2024-11-25 02:39:47,798 - src.data.database - INFO - Database initialized successfully
2024-11-25 02:39:47,914 - src.data.database - INFO - Database initialized successfully
2024-11-25 02:39:48,032 - __main__ - INFO - Starting the application...
2024-11-25 02:43:35,136 - src.data.database - INFO - Database initialized successfully
2024-11-25 02:43:35,137 - src.data.database - INFO - Database initialized successfully
2024-11-25 02:43:35,245 - src.data.database - INFO - Database initialized successfully
2024-11-25 02:43:35,246 - src.data.database - INFO - Database initialized successfully
2024-11-25 02:43:35,364 - src.data.database - INFO - Database initialized successfully
2024-11-25 02:43:35,492 - __main__ - INFO - Starting the application...
2024-11-25 02:43:37,904 - src.gui.main_window - ERROR - 'population_distribution' key not found in stats
2024-11-25 02:43:40,259 - src.gui.main_window - ERROR - 'population_distribution' key not found in stats
2024-11-25 02:43:56,679 - src.services.city_service - WARNING - No city found with name: Харків
2024-11-25 02:43:59,747 - src.gui.main_window - ERROR - 'population_distribution' key not found in stats
2024-11-25 02:46:52,739 - src.data.database - INFO - Database initialized successfully
2024-11-25 02:46:52,741 - src.data.database - INFO - Database initialized successfully
2024-11-25 02:46:52,892 - src.data.database - INFO - Database initialized successfully
2024-11-25 02:46:52,894 - src.data.database - INFO - Database initialized successfully
2024-11-25 02:46:53,031 - src.data.database - INFO - Database initialized successfully
2024-11-25 02:46:53,160 - __main__ - INFO - Starting the application...
2024-11-25 02:47:09,852 - src.data.database - INFO - Database cleared successfully
2024-11-25 02:47:12,937 - src.services.city_service - WARNING - No city found with name: Харків
2024-11-25 02:47:17,697 - src.services.city_service - WARNING - No city found with name: Дніпро
2024-11-25 02:47:45,498 - src.services.city_service - WARNING - No city found with name: Харків
2024-11-25 02:51:06,739 - src.data.database - INFO - Database initialized successfully
2024-11-25 02:51:06,740 - src.data.database - INFO - Database initialized successfully
2024-11-25 02:51:06,863 - src.data.database - INFO - Database initialized successfully
2024-11-25 02:51:06,866 - src.data.database - INFO - Database initialized successfully
2024-11-25 02:51:06,979 - src.data.database - INFO - Database initialized successfully
2024-11-25 02:51:07,106 - __main__ - INFO - Starting the application...
2024-11-25 02:52:16,606 - src.data.database - INFO - Database cleared successfully
